<test-run id="2" testcasecount="0" result="Passed" start-time="2022-09-02 16:38:01.952433" end-time="2022-09-02 16:38:02.005716" duration="0" total="0" passed="0" failed="0" inconclusive="0" skipped="0" asserts="0" clr-version="3.9.11 (v3.9.11:2de452f8bf, Mar 16 2022, 10:34:36) &#10;[Clang 6.0 (clang-600.0.57)]" engine-version="3.6.2"><command-line>/Users/lauraosborn/Library/Mobile Documents/com~apple~CloudDocs/QA/Level 6/Software Engineering with Agile/vf_cloud_account_mgmt/my_env/lib/python3.9/site-packages/pytest/__main__.py tests</command-line><filter><test re="0">tests</test></filter></test-run>